<?xml version="1.0" encoding="UTF-8" ?>
<testsuite tests="2" failures="2" name="ProBook.LoginTest" time="0.95" errors="0" skipped="0">
  <properties>
    <property name="java.runtime.name" value="Java(TM) SE Runtime Environment"/>
    <property name="sun.boot.library.path" value="/home/progideo/Téléchargements/jdk1.8.0_191/jre/lib/amd64"/>
    <property name="java.vm.version" value="25.191-b12"/>
    <property name="java.vm.vendor" value="Oracle Corporation"/>
    <property name="maven.multiModuleProjectDirectory" value="/home/progideo/git/repository/MavenProject"/>
    <property name="java.vendor.url" value="http://java.oracle.com/"/>
    <property name="path.separator" value=":"/>
    <property name="guice.disable.misplaced.annotation.check" value="true"/>
    <property name="java.vm.name" value="Java HotSpot(TM) 64-Bit Server VM"/>
    <property name="file.encoding.pkg" value="sun.io"/>
    <property name="user.country" value="FR"/>
    <property name="sun.java.launcher" value="SUN_STANDARD"/>
    <property name="sun.os.patch.level" value="unknown"/>
    <property name="java.vm.specification.name" value="Java Virtual Machine Specification"/>
    <property name="user.dir" value="/home/progideo/git/repository/MavenProject"/>
    <property name="java.runtime.version" value="1.8.0_191-b12"/>
    <property name="java.awt.graphicsenv" value="sun.awt.X11GraphicsEnvironment"/>
    <property name="java.endorsed.dirs" value="/home/progideo/Téléchargements/jdk1.8.0_191/jre/lib/endorsed"/>
    <property name="os.arch" value="amd64"/>
    <property name="java.io.tmpdir" value="/tmp"/>
    <property name="line.separator" value="
"/>
    <property name="java.vm.specification.vendor" value="Oracle Corporation"/>
    <property name="os.name" value="Linux"/>
    <property name="classworlds.conf" value="/home/progideo/eclipse-workspace/.metadata/.plugins/org.eclipse.m2e.launching/launches/m2conf3461120497467179042.tmp"/>
    <property name="sun.jnu.encoding" value="UTF-8"/>
    <property name="java.library.path" value="/usr/java/packages/lib/amd64:/usr/lib64:/lib64:/lib:/usr/lib"/>
    <property name="java.specification.name" value="Java Platform API Specification"/>
    <property name="java.class.version" value="52.0"/>
    <property name="sun.management.compiler" value="HotSpot 64-Bit Tiered Compilers"/>
    <property name="os.version" value="4.18.0-13-generic"/>
    <property name="user.home" value="/home/progideo"/>
    <property name="user.timezone" value="Africa/Casablanca"/>
    <property name="java.awt.printerjob" value="sun.print.PSPrinterJob"/>
    <property name="file.encoding" value="UTF-8"/>
    <property name="java.specification.version" value="1.8"/>
    <property name="user.name" value="progideo"/>
    <property name="java.class.path" value="/home/progideo/.p2/pool/plugins/org.eclipse.m2e.maven.runtime_1.10.0.20181127-2120/jars/plexus-classworlds-2.5.2.jar"/>
    <property name="java.vm.specification.version" value="1.8"/>
    <property name="sun.arch.data.model" value="64"/>
    <property name="java.home" value="/home/progideo/Téléchargements/jdk1.8.0_191/jre"/>
    <property name="sun.java.command" value="org.codehaus.plexus.classworlds.launcher.Launcher -B install"/>
    <property name="java.specification.vendor" value="Oracle Corporation"/>
    <property name="user.language" value="fr"/>
    <property name="awt.toolkit" value="sun.awt.X11.XToolkit"/>
    <property name="java.vm.info" value="mixed mode"/>
    <property name="java.version" value="1.8.0_191"/>
    <property name="java.ext.dirs" value="/home/progideo/Téléchargements/jdk1.8.0_191/jre/lib/ext:/usr/java/packages/lib/ext"/>
    <property name="securerandom.source" value="file:/dev/./urandom"/>
    <property name="sun.boot.class.path" value="/home/progideo/Téléchargements/jdk1.8.0_191/jre/lib/resources.jar:/home/progideo/Téléchargements/jdk1.8.0_191/jre/lib/rt.jar:/home/progideo/Téléchargements/jdk1.8.0_191/jre/lib/sunrsasign.jar:/home/progideo/Téléchargements/jdk1.8.0_191/jre/lib/jsse.jar:/home/progideo/Téléchargements/jdk1.8.0_191/jre/lib/jce.jar:/home/progideo/Téléchargements/jdk1.8.0_191/jre/lib/charsets.jar:/home/progideo/Téléchargements/jdk1.8.0_191/jre/lib/jfr.jar:/home/progideo/Téléchargements/jdk1.8.0_191/jre/classes"/>
    <property name="java.vendor" value="Oracle Corporation"/>
    <property name="maven.home" value="/home/progideo/git/repository/MavenProject/EMBEDDED"/>
    <property name="file.separator" value="/"/>
    <property name="java.vendor.url.bug" value="http://bugreport.sun.com/bugreport/"/>
    <property name="sun.cpu.endian" value="little"/>
    <property name="sun.io.unicode.encoding" value="UnicodeLittle"/>
    <property name="sun.cpu.isalist" value=""/>
  </properties>
  <testcase classname="ProBook.LoginTest" name="f" time="0.367">
    <failure message="Unable to locate element: Se connecter / s&apos;inscrire
For documentation on this error, please visit: http://seleniumhq.org/exceptions/no_such_element.html
Build info: version: &apos;3.12.0&apos;, revision: &apos;7c6e0b3&apos;, time: &apos;2018-05-08T14:04:26.12Z&apos;
System info: host: &apos;PRGDV003-FOR01&apos;, ip: &apos;127.0.1.1&apos;, os.name: &apos;Linux&apos;, os.arch: &apos;amd64&apos;, os.version: &apos;4.18.0-13-generic&apos;, java.version: &apos;1.8.0_191&apos;
Driver info: org.openqa.selenium.firefox.FirefoxDriver
Capabilities {acceptInsecureCerts: true, browserName: firefox, browserVersion: 64.0, capabilities: {desiredCapabilities: {acceptInsecureCerts: true, browserName: firefox}}, javascriptEnabled: true, moz:accessibilityChecks: false, moz:headless: false, moz:processID: 19415, moz:profile: /tmp/rust_mozprofile.Wif0Bt..., moz:shutdownTimeout: 60000, moz:useNonSpecCompliantPointerOrigin: false, moz:webdriverClick: true, pageLoadStrategy: normal, platform: LINUX, platformName: LINUX, platformVersion: 4.18.0-13-generic, rotatable: false, setWindowRect: true, timeouts: {implicit: 0, pageLoad: 300000, script: 30000}, unhandledPromptBehavior: dismiss and notify}
Session ID: 85be2245-e735-4b5b-8f67-cbf782b32872
*** Element info: {Using=link text, value=Se connecter / s&apos;inscrire}" type="org.openqa.selenium.NoSuchElementException">org.openqa.selenium.NoSuchElementException: Unable to locate element: Se connecter / s&apos;inscrire
For documentation on this error, please visit: http://seleniumhq.org/exceptions/no_such_element.html
Build info: version: &apos;3.12.0&apos;, revision: &apos;7c6e0b3&apos;, time: &apos;2018-05-08T14:04:26.12Z&apos;
System info: host: &apos;PRGDV003-FOR01&apos;, ip: &apos;127.0.1.1&apos;, os.name: &apos;Linux&apos;, os.arch: &apos;amd64&apos;, os.version: &apos;4.18.0-13-generic&apos;, java.version: &apos;1.8.0_191&apos;
Driver info: org.openqa.selenium.firefox.FirefoxDriver
Capabilities {acceptInsecureCerts: true, browserName: firefox, browserVersion: 64.0, capabilities: {desiredCapabilities: {acceptInsecureCerts: true, browserName: firefox}}, javascriptEnabled: true, moz:accessibilityChecks: false, moz:headless: false, moz:processID: 19415, moz:profile: /tmp/rust_mozprofile.Wif0Bt..., moz:shutdownTimeout: 60000, moz:useNonSpecCompliantPointerOrigin: false, moz:webdriverClick: true, pageLoadStrategy: normal, platform: LINUX, platformName: LINUX, platformVersion: 4.18.0-13-generic, rotatable: false, setWindowRect: true, timeouts: {implicit: 0, pageLoad: 300000, script: 30000}, unhandledPromptBehavior: dismiss and notify}
Session ID: 85be2245-e735-4b5b-8f67-cbf782b32872
*** Element info: {Using=link text, value=Se connecter / s&apos;inscrire}
	at sun.reflect.NativeConstructorAccessorImpl.newInstance0(Native Method)
	at sun.reflect.NativeConstructorAccessorImpl.newInstance(NativeConstructorAccessorImpl.java:62)
	at sun.reflect.DelegatingConstructorAccessorImpl.newInstance(DelegatingConstructorAccessorImpl.java:45)
	at java.lang.reflect.Constructor.newInstance(Constructor.java:423)
	at org.openqa.selenium.remote.http.W3CHttpResponseCodec.createException(W3CHttpResponseCodec.java:187)
	at org.openqa.selenium.remote.http.W3CHttpResponseCodec.decode(W3CHttpResponseCodec.java:122)
	at org.openqa.selenium.remote.http.W3CHttpResponseCodec.decode(W3CHttpResponseCodec.java:49)
	at org.openqa.selenium.remote.HttpCommandExecutor.execute(HttpCommandExecutor.java:158)
	at org.openqa.selenium.remote.service.DriverCommandExecutor.execute(DriverCommandExecutor.java:83)
	at org.openqa.selenium.remote.RemoteWebDriver.execute(RemoteWebDriver.java:543)
	at org.openqa.selenium.remote.RemoteWebDriver.findElement(RemoteWebDriver.java:317)
	at org.openqa.selenium.remote.RemoteWebDriver.findElementByLinkText(RemoteWebDriver.java:371)
	at org.openqa.selenium.By$ByLinkText.findElement(By.java:220)
	at org.openqa.selenium.remote.RemoteWebDriver.findElement(RemoteWebDriver.java:309)
	at ProBook.LoginTest.f(LoginTest.java:38)
</failure>
    <system-out>Configuring TestNG with: org.apache.maven.surefire.testng.conf.TestNG652Configurator@726f3b58
</system-out>
    <system-err>1547025751233	geckodriver	INFO	geckodriver 0.21.0
1547025751284	geckodriver	INFO	Listening on 127.0.0.1:22279
1547025751628	mozrunner::runner	INFO	Running command: &quot;/usr/lib/firefox/firefox&quot; &quot;-marionette&quot; &quot;-foreground&quot; &quot;-no-remote&quot; &quot;-profile&quot; &quot;/tmp/rust_mozprofile.Wif0BtNV5tBD&quot;
1547025752432	addons.webextension.screenshots@mozilla.org	WARN	Loading extension &apos;screenshots@mozilla.org&apos;: Reading manifest: Invalid host permission: resource://pdf.js/
1547025752444	addons.webextension.screenshots@mozilla.org	WARN	Loading extension &apos;screenshots@mozilla.org&apos;: Reading manifest: Invalid host permission: about:reader*
1547025752668	Marionette	DEBUG	Received observer notification profile-after-change
1547025752755	Marionette	DEBUG	Received observer notification command-line-startup
1547025752756	Marionette	DEBUG	Received observer notification nsPref:changed
1547025752759	Marionette	DEBUG	Init aborted (running=false, enabled=true, finalUIStartup=false)
1547025753095	Marionette	DEBUG	Received observer notification toplevel-window-ready
1547025755206	Marionette	DEBUG	Received observer notification sessionstore-windows-restored
1547025755206	Marionette	DEBUG	Waiting for delayed startup...
1547025755876	Marionette	DEBUG	Setting recommended pref app.update.disabledForTesting to true
1547025755886	Marionette	DEBUG	Setting recommended pref security.turn_off_all_security_so_that_viruses_can_take_over_this_computer to true
1547025755895	Marionette	DEBUG	Setting recommended pref apz.content_response_timeout to 60000
1547025755896	Marionette	DEBUG	Setting recommended pref browser.contentblocking.introCount to 99
1547025755896	Marionette	DEBUG	Setting recommended pref browser.download.panel.shown to true
1547025755900	Marionette	DEBUG	Setting recommended pref browser.newtabpage.enabled to false
1547025755910	Marionette	DEBUG	Setting recommended pref browser.pagethumbnails.capturing_disabled to true
1547025755916	Marionette	DEBUG	Setting recommended pref browser.search.update to false
1547025755917	Marionette	DEBUG	Setting recommended pref browser.tabs.disableBackgroundZombification to false
1547025755919	Marionette	DEBUG	Setting recommended pref browser.tabs.warnOnCloseOtherTabs to false
1547025755920	Marionette	DEBUG	Setting recommended pref browser.tabs.warnOnOpen to false
1547025755921	Marionette	DEBUG	Setting recommended pref browser.usedOnWindows10.introURL to 
1547025755922	Marionette	DEBUG	Setting recommended pref browser.urlbar.suggest.searches to false
1547025755926	Marionette	DEBUG	Setting recommended pref datareporting.policy.dataSubmissionPolicyAccepted to false
1547025755927	Marionette	DEBUG	Setting recommended pref dom.disable_beforeunload to true
1547025755929	Marionette	DEBUG	Setting recommended pref dom.disable_open_during_load to false
1547025755929	Marionette	DEBUG	Setting recommended pref dom.file.createInChild to true
1547025755932	Marionette	DEBUG	Setting recommended pref dom.max_chrome_script_run_time to 0
1547025755950	Marionette	DEBUG	Setting recommended pref dom.max_script_run_time to 0
1547025755953	Marionette	DEBUG	Setting recommended pref extensions.getAddons.cache.enabled to false
1547025755954	Marionette	DEBUG	Setting recommended pref extensions.webservice.discoverURL to http://%(server)s/dummy/discoveryURL
1547025755955	Marionette	DEBUG	Setting recommended pref network.http.prompt-temp-redirect to false
1547025755955	Marionette	DEBUG	Setting recommended pref network.http.speculative-parallel-limit to 0
1547025755956	Marionette	DEBUG	Setting recommended pref security.fileuri.strict_origin_policy to false
1547025755957	Marionette	DEBUG	Setting recommended pref security.notification_enable_delay to 0
1547025755958	Marionette	DEBUG	Setting recommended pref signon.autofillForms to false
1547025755958	Marionette	DEBUG	Setting recommended pref signon.rememberSignons to false
1547025755959	Marionette	DEBUG	Setting recommended pref toolkit.cosmeticAnimations.enabled to false
1547025756242	Marionette	INFO	Listening on port 42473
1547025756244	Marionette	DEBUG	Remote service is active
1547025756324	Marionette	DEBUG	Accepted connection 0 from 127.0.0.1:40220
1547025756327	Marionette	TRACE	0 -&gt; [0,1,&quot;WebDriver:NewSession&quot;,{&quot;acceptInsecureCerts&quot;:true,&quot;browserName&quot;:&quot;firefox&quot;,&quot;capabilities&quot;:{&quot;desiredCapabilities&quot;:{&quot;acceptInsecureCerts&quot;:true,&quot;browserName&quot;:&quot;firefox&quot;}}}]
1547025756329	Marionette	WARN	TLS certificate errors will be ignored for this session
1547025756410	Marionette	DEBUG	[4294967297] Frame script loaded
1547025756418	Marionette	DEBUG	[4294967297] Frame script registered
1547025756425	Marionette	TRACE	0 &lt;- [1,1,null,{&quot;sessionId&quot;:&quot;85be2245-e735-4b5b-8f67-cbf782b32872&quot;,&quot;capabilities&quot;:{&quot;browserName&quot;:&quot;firefox&quot;,&quot;browserVersion&quot;:&quot;64.0&quot; ... alse,&quot;moz:webdriverClick&quot;:true,&quot;capabilities&quot;:{&quot;desiredCapabilities&quot;:{&quot;acceptInsecureCerts&quot;:true,&quot;browserName&quot;:&quot;firefox&quot;}}}}]
janv. 09, 2019 9:22:36 AM org.openqa.selenium.remote.ProtocolHandshake createSession
INFOS: Detected dialect: W3C
1547025756541	Marionette	TRACE	0 -&gt; [0,2,&quot;WebDriver:Navigate&quot;,{&quot;url&quot;:&quot;http://probook.progideo.com&quot;}]
1547025756551	Marionette	DEBUG	[4294967297] Received DOM event beforeunload for about:blank
1547025756940	Marionette	DEBUG	[4294967297] Received DOM event pagehide for about:blank
1547025758818	Marionette	DEBUG	[4294967297] Received DOM event DOMContentLoaded for http://probook.progideo.com/index.php?r=dashboard%2Fdashboard
1547025759230	Marionette	DEBUG	[4294967297] Received DOM event pageshow for http://probook.progideo.com/index.php?r=dashboard%2Fdashboard
1547025759237	Marionette	TRACE	0 &lt;- [1,2,null,{&quot;value&quot;:null}]
1547025759281	Marionette	TRACE	0 -&gt; [0,3,&quot;WebDriver:FindElement&quot;,{&quot;using&quot;:&quot;link text&quot;,&quot;value&quot;:&quot;Se connecter / s&apos;inscrire&quot;}]
1547025759573	Marionette	TRACE	0 &lt;- [1,3,{&quot;error&quot;:&quot;no such element&quot;,&quot;message&quot;:&quot;Unable to locate element: Se connecter / s&apos;inscrire&quot;,&quot;stacktrace&quot;:&quot;WebDriverError@ ... entError@chrome://marionette/content/error.js:388:5\nelement.find/&lt;/&lt;@chrome://marionette/content/element.js:339:16\n&quot;},null]
</system-err>
  </testcase>
  <testcase classname="ProBook.LoginTest" name="afterMethod" time="0.583">
    <failure message="./screenshots/f_2019-01-09 09-22-39.png (Aucun fichier ou dossier de ce type)" type="java.io.FileNotFoundException">java.io.FileNotFoundException: ./screenshots/f_2019-01-09 09-22-39.png (Aucun fichier ou dossier de ce type)
	at java.io.FileOutputStream.open0(Native Method)
	at java.io.FileOutputStream.open(FileOutputStream.java:270)
	at java.io.FileOutputStream.&lt;init&gt;(FileOutputStream.java:213)
	at java.io.FileOutputStream.&lt;init&gt;(FileOutputStream.java:162)
	at org.openqa.selenium.io.FileHandler.copyFile(FileHandler.java:137)
	at org.openqa.selenium.io.FileHandler.copy(FileHandler.java:116)
	at ProBook.LoginTest.afterMethod(LoginTest.java:79)
</failure>
    <system-err>1547025759633	Marionette	TRACE	0 -&gt; [0,4,&quot;WebDriver:TakeScreenshot&quot;,{&quot;full&quot;:false,&quot;highlights&quot;:[],&quot;id&quot;:null}]
1547025759786	Marionette	TRACE	0 &lt;- [1,4,null,{&quot;value&quot;:&quot;iVBORw0KGgoAAAANSUhEUgAABQAAAALDCAYAAABKP61jAAAgAElEQVR4nOy96XdT54KvmXU/9OpVq/+I7ltV90P37Xu76pyTnIQk55yqW ... AAEEwABAAAAIBgAiAAAAAABBMAAQAAACCYAAgAAAAAwQRAAAAAAAgmAAIAAABAMAEQAAAAAIIJgAAAAAAQTAAEAAAAgGD/ADgQIkR7WiNYAAAAAElFTkSuQmCC&quot;}]
</system-err>
  </testcase>
</testsuite>